<?xml version="1.0" encoding="UTF-8"?>
<!-- Generated by org.testng.reporters.JUnitReportReporter -->
<testsuite hostname="BSC-PG02B55Z" failures="0" tests="1" name="ui.MouseActions" time="18.337" errors="0" timestamp="2024-02-07T13:46:00 IST" skipped="0">
  <testcase classname="ui.MouseActions" name="mouse" time="18.337"/>
  <system-out/>
</testsuite> <!-- ui.MouseActions -->
