<?xml version="1.0" encoding="UTF-8"?>
<!-- Generated by org.testng.reporters.JUnitReportReporter -->
<testsuite hostname="BSC-PG02B55Z" failures="0" tests="2" name="ui.LoginTest" time="0.010" errors="0" timestamp="2024-02-07T14:44:05 IST" skipped="0">
  <testcase classname="ui.LoginTest" name="aTest1" time="0.008"/>
  <system-out/>
  <testcase classname="ui.LoginTest" name="bTest2" time="0.002"/>
  <system-out/>
</testsuite> <!-- ui.LoginTest -->
