<?xml version="1.0" encoding="UTF-8"?>
<!-- Generated by org.testng.reporters.JUnitReportReporter -->
<testsuite hostname="BSC-PG02B55Z" failures="0" tests="1" name="ui.Addtocart" time="12.429" errors="0" timestamp="2024-02-07T13:45:05 IST" skipped="0">
  <testcase classname="ui.Addtocart" name="Addtocart1" time="12.429"/>
  <system-out/>
</testsuite> <!-- ui.Addtocart -->
