<?xml version="1.0" encoding="UTF-8"?>
<!-- Generated by org.testng.reporters.JUnitReportReporter -->
<testsuite hostname="BSC-PG02B55Z" failures="0" tests="1" name="ui.VerifyTitleTest" time="4.849" errors="0" timestamp="2024-02-07T14:42:28 IST" skipped="0">
  <testcase classname="ui.VerifyTitleTest" name="titleTest" time="4.849"/>
  <system-out/>
</testsuite> <!-- ui.VerifyTitleTest -->
