<?xml version="1.0" encoding="UTF-8"?>
<!-- Generated by org.testng.reporters.JUnitReportReporter -->
<testsuite hostname="BSC-PG02B55Z" failures="0" tests="1" name="ui.NavigationMethods" time="18.050" errors="0" timestamp="2024-02-07T14:56:40 IST" skipped="0">
  <testcase classname="ui.NavigationMethods" name="dropdown" time="18.050"/>
  <system-out/>
</testsuite> <!-- ui.NavigationMethods -->
